<?xml version="1.0" encoding="UTF-8"?>
<!-- Generated by org.testng.reporters.JUnitReportReporter -->
<testsuite hostname="DESKTOP-90570T0" failures="0" tests="1" name="tests.LoginTest" time="14.055" errors="0" timestamp="2025-07-16T17:37:50 IST" skipped="0">
  <testcase classname="tests.LoginTest" name="verifyLoginAndLogout" time="14.055"/>
</testsuite> <!-- tests.LoginTest -->
