<?xml version="1.0" encoding="UTF-8"?>
<!-- Generated by org.testng.reporters.JUnitReportReporter -->
<testsuite hostname="DESKTOP-90570T0" failures="0" tests="6" name="tests.LoginTest" time="65.204" errors="0" timestamp="2025-08-05T10:28:24 IST" skipped="0">
  <testcase classname="tests.LoginTest" name="verifyLoginAndLogout" time="11.990"/>
  <testcase classname="tests.LoginTest" name="invalidPasswordLogin" time="10.015"/>
  <testcase classname="tests.LoginTest" name="invalidUsernameLogin" time="11.800"/>
  <testcase classname="tests.LoginTest" name="emptyUsernameAndPassword" time="10.567"/>
  <testcase classname="tests.LoginTest" name="emptyUsernameOnly" time="10.044"/>
  <testcase classname="tests.LoginTest" name="emptyPasswordOnly" time="10.788"/>
</testsuite> <!-- tests.LoginTest -->
