<?xml version="1.0" encoding="UTF-8"?>
<!-- Generated by org.testng.reporters.JUnitReportReporter -->
<testsuite hostname="DESKTOP-90570T0" failures="0" tests="6" name="tests.LoginTest" time="85.651" errors="0" timestamp="2025-08-26T16:54:18 IST" skipped="0">
  <testcase classname="tests.LoginTest" name="verifyLoginAndLogout" time="13.378"/>
  <testcase classname="tests.LoginTest" name="invalidPasswordLogin" time="14.520"/>
  <testcase classname="tests.LoginTest" name="invalidUsernameLogin" time="18.994"/>
  <testcase classname="tests.LoginTest" name="emptyUsernameAndPassword" time="11.797"/>
  <testcase classname="tests.LoginTest" name="emptyUsernameOnly" time="12.634"/>
  <testcase classname="tests.LoginTest" name="emptyPasswordOnly" time="14.328"/>
</testsuite> <!-- tests.LoginTest -->
