<?xml version="1.0" encoding="UTF-8"?>
<!-- Generated by org.testng.reporters.JUnitReportReporter -->
<testsuite hostname="DESKTOP-90570T0" failures="0" tests="3" name="tests.LoginTestExcel" time="39.735" errors="0" timestamp="2025-09-16T13:27:31 IST" skipped="0">
  <testcase classname="tests.LoginTestExcel" name="verifyLogin" time="13.065"/>
  <testcase classname="tests.LoginTestExcel" name="verifyLogin" time="12.732"/>
  <testcase classname="tests.LoginTestExcel" name="verifyLogin" time="13.938"/>
</testsuite> <!-- tests.LoginTestExcel -->
