<?xml version="1.0" encoding="UTF-8"?>
<!-- Generated by org.testng.reporters.JUnitReportReporter -->
<testsuite hostname="DESKTOP-90570T0" failures="0" tests="3" name="tests.LoginTestExcel" time="52.066" errors="0" timestamp="2025-09-09T10:29:32 IST" skipped="0">
  <testcase classname="tests.LoginTestExcel" name="verifyLogin" time="16.361"/>
  <testcase classname="tests.LoginTestExcel" name="verifyLogin" time="18.322"/>
  <testcase classname="tests.LoginTestExcel" name="verifyLogin" time="17.383"/>
</testsuite> <!-- tests.LoginTestExcel -->
