<?xml version="1.0" encoding="UTF-8"?>
<!-- Generated by org.testng.reporters.JUnitReportReporter -->
<testsuite hostname="DESKTOP-90570T0" failures="0" tests="1" name="tests.ForgotPasswordTest" time="9.001" errors="0" timestamp="2025-09-16T13:27:31 IST" skipped="0">
  <testcase classname="tests.ForgotPasswordTest" name="verifyForgotPasswordLink" time="9.001"/>
</testsuite> <!-- tests.ForgotPasswordTest -->
