<?xml version="1.0" encoding="UTF-8"?>
<!-- Generated by org.testng.reporters.JUnitReportReporter -->
<testsuite hostname="DESKTOP-90570T0" failures="0" tests="6" name="tests.LoginTest" time="77.696" errors="0" timestamp="2025-09-16T13:27:31 IST" skipped="0">
  <testcase classname="tests.LoginTest" name="verifyLoginAndLogout" time="13.168"/>
  <testcase classname="tests.LoginTest" name="invalidPasswordLogin" time="11.924"/>
  <testcase classname="tests.LoginTest" name="invalidUsernameLogin" time="13.553"/>
  <testcase classname="tests.LoginTest" name="emptyUsernameAndPassword" time="12.814"/>
  <testcase classname="tests.LoginTest" name="emptyUsernameOnly" time="13.526"/>
  <testcase classname="tests.LoginTest" name="emptyPasswordOnly" time="12.711"/>
</testsuite> <!-- tests.LoginTest -->
