<?xml version="1.0" encoding="UTF-8"?>
<!-- Generated by org.testng.reporters.JUnitReportReporter -->
<testsuite hostname="DESKTOP-90570T0" failures="0" tests="6" name="tests.LoginTest" time="99.010" errors="0" timestamp="2025-08-12T10:34:07 IST" skipped="0">
  <testcase classname="tests.LoginTest" name="verifyLoginAndLogout" time="15.779"/>
  <testcase classname="tests.LoginTest" name="invalidPasswordLogin" time="13.905"/>
  <testcase classname="tests.LoginTest" name="invalidUsernameLogin" time="17.447"/>
  <testcase classname="tests.LoginTest" name="emptyUsernameAndPassword" time="19.170"/>
  <testcase classname="tests.LoginTest" name="emptyUsernameOnly" time="16.111"/>
  <testcase classname="tests.LoginTest" name="emptyPasswordOnly" time="16.598"/>
</testsuite> <!-- tests.LoginTest -->
